c:\users\stan\source\repos\blackmagic decklink sdk 12.4.2\win\samples\capturestillsmouse\x64\debug\vc142.pdb
c:\users\stan\source\repos\blackmagic decklink sdk 12.4.2\win\samples\capturestillsmouse\x64\debug\vc142.idb
c:\users\stan\source\repos\blackmagic decklink sdk 12.4.2\win\samples\capturestillsmouse\x64\debug\platform.obj
c:\users\stan\source\repos\blackmagic decklink sdk 12.4.2\win\samples\capturestillsmouse\x64\debug\imagewriterwin.obj
c:\users\stan\source\repos\blackmagic decklink sdk 12.4.2\win\samples\capturestillsmouse\x64\debug\decklinkinputdevice.obj
c:\users\stan\source\repos\blackmagic decklink sdk 12.4.2\win\samples\capturestillsmouse\x64\debug\capturestills.obj
c:\users\stan\source\repos\blackmagic decklink sdk 12.4.2\win\samples\capturestillsmouse\x64\debug\bgra32videoframe.obj
c:\users\stan\source\repos\blackmagic decklink sdk 12.4.2\win\samples\capturestillsmouse\x64\debug\decklinkapi_i.obj
c:\users\stan\source\repos\blackmagic decklink sdk 12.4.2\win\samples\capturestillsmouse\debug\capturestills.ilk
c:\users\stan\source\repos\blackmagic decklink sdk 12.4.2\win\samples\capturestillsmouse\debug\capturestills.exe
c:\users\stan\source\repos\blackmagic decklink sdk 12.4.2\win\samples\capturestillsmouse\debug\capturestills.pdb
c:\users\stan\source\repos\blackmagic decklink sdk 12.4.2\win\samples\capturestillsmouse\x64\debug\capturestills.tlb
c:\users\stan\source\repos\blackmagic decklink sdk 12.4.2\win\samples\capturestillsmouse\decklinkapi_i.c
c:\users\stan\source\repos\blackmagic decklink sdk 12.4.2\win\samples\capturestillsmouse\decklinkapi.h
c:\users\stan\source\repos\blackmagic decklink sdk 12.4.2\win\samples\capturestillsmouse\x64\debug\capturestills.tlog\cl.command.1.tlog
c:\users\stan\source\repos\blackmagic decklink sdk 12.4.2\win\samples\capturestillsmouse\x64\debug\capturestills.tlog\cl.read.1.tlog
c:\users\stan\source\repos\blackmagic decklink sdk 12.4.2\win\samples\capturestillsmouse\x64\debug\capturestills.tlog\cl.write.1.tlog
c:\users\stan\source\repos\blackmagic decklink sdk 12.4.2\win\samples\capturestillsmouse\x64\debug\capturestills.tlog\link.command.1.tlog
c:\users\stan\source\repos\blackmagic decklink sdk 12.4.2\win\samples\capturestillsmouse\x64\debug\capturestills.tlog\link.read.1.tlog
c:\users\stan\source\repos\blackmagic decklink sdk 12.4.2\win\samples\capturestillsmouse\x64\debug\capturestills.tlog\link.write.1.tlog
c:\users\stan\source\repos\blackmagic decklink sdk 12.4.2\win\samples\capturestillsmouse\x64\debug\capturestills.tlog\midl.command.1.tlog
c:\users\stan\source\repos\blackmagic decklink sdk 12.4.2\win\samples\capturestillsmouse\x64\debug\capturestills.tlog\midl.read.1.tlog
c:\users\stan\source\repos\blackmagic decklink sdk 12.4.2\win\samples\capturestillsmouse\x64\debug\capturestills.tlog\midl.write.1.tlog
