  64 bit Processing ..\..\..\Win\include\DeckLinkAPI.idl
  DeckLinkAPI.idl
  64 bit Processing C:\Program Files (x86)\Windows Kits\10\Include\10.0.18362.0\um\unknwn.idl
  unknwn.idl
  64 bit Processing C:\Program Files (x86)\Windows Kits\10\Include\10.0.18362.0\shared\wtypes.idl
  wtypes.idl
  64 bit Processing C:\Program Files (x86)\Windows Kits\10\Include\10.0.18362.0\shared\wtypesbase.idl
  wtypesbase.idl
  64 bit Processing C:\Program Files (x86)\Windows Kits\10\Include\10.0.18362.0\shared\basetsd.h
  basetsd.h
  64 bit Processing C:\Program Files (x86)\Windows Kits\10\Include\10.0.18362.0\shared\guiddef.h
  guiddef.h
  64 bit Processing C:\Program Files (x86)\Windows Kits\10\Include\10.0.18362.0\um\oaidl.idl
  oaidl.idl
  64 bit Processing C:\Program Files (x86)\Windows Kits\10\Include\10.0.18362.0\um\objidl.idl
  objidl.idl
  64 bit Processing C:\Program Files (x86)\Windows Kits\10\Include\10.0.18362.0\um\oaidl.acf
  oaidl.acf
  Bgra32VideoFrame.cpp
  CaptureStills.cpp
  DeckLinkInputDevice.cpp
  ImageWriterWin.cpp
  platform.cpp
  DeckLinkAPI_i.c
  Generating code
  Previous IPDB not found, fall back to full compilation.
  All 769 functions were compiled because no usable IPDB/IOBJ from previous compilation was found.
  Finished generating code
  CaptureStills.vcxproj -> C:\Users\stan\source\repos\Blackmagic DeckLink SDK 12.4.2\Win\Samples\CaptureStillsMouse\x64\Release\CaptureStills.exe
